2023-01-28 16:39:18.246 [INFO] [main]
                [org.ruste.models.Application:55] Starting Application using Java 17.0.1 on Пользователь with PID 5060 (C:\Users\Win10Pro\Documents\Application\Application\Models\target\classes started by Win10Pro in C:\Users\Win10Pro\Documents\Application\Application\Models)
2023-01-28 16:39:18.248 [INFO] [main]
                [org.ruste.models.Application:634] No active profile set, falling back to 1 default profile: "default"
2023-01-28 16:39:18.761 [INFO] [main]
                [org.hibernate.jpa.internal.util.LogHelper:31] HHH000204: Processing PersistenceUnitInfo [name: default]
2023-01-28 16:39:18.806 [INFO] [main]
                [org.hibernate.Version:44] HHH000412: Hibernate ORM core version 5.6.9.Final
2023-01-28 16:39:18.919 [INFO] [main]
                [org.hibernate.annotations.common.Version:56] HCANN000001: Hibernate Commons Annotations {5.1.2.Final}
2023-01-28 16:39:19.018 [INFO] [main]
                [com.zaxxer.hikari.HikariDataSource:110] HikariPool-1 - Starting...
2023-01-28 16:39:19.125 [INFO] [main]
                [com.zaxxer.hikari.HikariDataSource:123] HikariPool-1 - Start completed.
2023-01-28 16:39:19.142 [INFO] [main]
                [org.hibernate.dialect.Dialect:175] HHH000400: Using dialect: org.hibernate.dialect.PostgreSQL10Dialect
2023-01-28 16:39:19.497 [WARN] [main]
                [org.hibernate.engine.jdbc.spi.SqlExceptionHelper:230] SQL Warning Code: 0, SQLState: 00000
2023-01-28 16:39:19.498 [WARN] [main]
                [org.hibernate.engine.jdbc.spi.SqlExceptionHelper:231] таблица "tasks" не существует, пропускается
2023-01-28 16:39:19.534 [INFO] [main]
                [org.hibernate.engine.transaction.jta.platform.internal.JtaPlatformInitiator:52] HHH000490: Using JtaPlatform implementation: [org.hibernate.engine.transaction.jta.platform.internal.NoJtaPlatform]
2023-01-28 16:39:19.602 [INFO] [main]
                [org.ruste.models.Application:61] Started Application in 1.601 seconds (JVM running for 1.917)
2023-01-28 16:39:19.606 [INFO] [SpringApplicationShutdownHook]
                [org.hibernate.tool.schema.internal.SchemaDropperImpl$DelayedDropActionImpl:538] HHH000477: Starting delayed evictData of schema as part of SessionFactory shut-down'
2023-01-28 16:39:19.624 [INFO] [SpringApplicationShutdownHook]
                [com.zaxxer.hikari.HikariDataSource:350] HikariPool-1 - Shutdown initiated...
2023-01-28 16:39:19.640 [INFO] [SpringApplicationShutdownHook]
                [com.zaxxer.hikari.HikariDataSource:352] HikariPool-1 - Shutdown completed.
2023-01-28 16:39:58.622 [INFO] [main]
                [org.ruste.models.Application:55] Starting Application using Java 17.0.1 on Пользователь with PID 2864 (C:\Users\Win10Pro\Documents\Application\Application\Models\target\classes started by Win10Pro in C:\Users\Win10Pro\Documents\Application\Application\Models)
2023-01-28 16:39:58.624 [INFO] [main]
                [org.ruste.models.Application:634] No active profile set, falling back to 1 default profile: "default"
2023-01-28 16:39:59.143 [INFO] [main]
                [org.hibernate.jpa.internal.util.LogHelper:31] HHH000204: Processing PersistenceUnitInfo [name: default]
2023-01-28 16:39:59.172 [INFO] [main]
                [org.hibernate.Version:44] HHH000412: Hibernate ORM core version 5.6.9.Final
2023-01-28 16:39:59.283 [INFO] [main]
                [org.hibernate.annotations.common.Version:56] HCANN000001: Hibernate Commons Annotations {5.1.2.Final}
2023-01-28 16:39:59.378 [INFO] [main]
                [com.zaxxer.hikari.HikariDataSource:110] HikariPool-1 - Starting...
2023-01-28 16:39:59.486 [INFO] [main]
                [com.zaxxer.hikari.HikariDataSource:123] HikariPool-1 - Start completed.
2023-01-28 16:39:59.504 [INFO] [main]
                [org.hibernate.dialect.Dialect:175] HHH000400: Using dialect: org.hibernate.dialect.PostgreSQL10Dialect
2023-01-28 16:39:59.930 [INFO] [main]
                [org.hibernate.engine.transaction.jta.platform.internal.JtaPlatformInitiator:52] HHH000490: Using JtaPlatform implementation: [org.hibernate.engine.transaction.jta.platform.internal.NoJtaPlatform]
2023-01-28 16:39:59.995 [INFO] [main]
                [org.ruste.models.Application:61] Started Application in 1.613 seconds (JVM running for 1.924)
2023-01-28 16:39:59.999 [INFO] [SpringApplicationShutdownHook]
                [org.hibernate.tool.schema.internal.SchemaDropperImpl$DelayedDropActionImpl:538] HHH000477: Starting delayed evictData of schema as part of SessionFactory shut-down'
2023-01-28 16:40:00.019 [INFO] [SpringApplicationShutdownHook]
                [com.zaxxer.hikari.HikariDataSource:350] HikariPool-1 - Shutdown initiated...
2023-01-28 16:40:00.022 [INFO] [SpringApplicationShutdownHook]
                [com.zaxxer.hikari.HikariDataSource:352] HikariPool-1 - Shutdown completed.
2023-01-28 16:40:29.905 [INFO] [main]
                [org.ruste.models.Application:55] Starting Application using Java 17.0.1 on Пользователь with PID 19080 (C:\Users\Win10Pro\Documents\Application\Application\Models\target\classes started by Win10Pro in C:\Users\Win10Pro\Documents\Application\Application\Models)
2023-01-28 16:40:29.908 [INFO] [main]
                [org.ruste.models.Application:634] No active profile set, falling back to 1 default profile: "default"
2023-01-28 16:40:30.420 [INFO] [main]
                [com.zaxxer.hikari.HikariDataSource:110] HikariPool-1 - Starting...
2023-01-28 16:40:30.561 [INFO] [main]
                [com.zaxxer.hikari.HikariDataSource:123] HikariPool-1 - Start completed.
2023-01-28 16:40:30.605 [INFO] [main]
                [org.hibernate.jpa.internal.util.LogHelper:31] HHH000204: Processing PersistenceUnitInfo [name: default]
2023-01-28 16:40:30.643 [INFO] [main]
                [org.hibernate.Version:44] HHH000412: Hibernate ORM core version 5.6.9.Final
2023-01-28 16:40:30.772 [INFO] [main]
                [org.hibernate.annotations.common.Version:56] HCANN000001: Hibernate Commons Annotations {5.1.2.Final}
2023-01-28 16:40:30.865 [INFO] [main]
                [org.hibernate.dialect.Dialect:175] HHH000400: Using dialect: org.hibernate.dialect.PostgreSQL10Dialect
2023-01-28 16:40:31.206 [INFO] [main]
                [org.hibernate.engine.transaction.jta.platform.internal.JtaPlatformInitiator:52] HHH000490: Using JtaPlatform implementation: [org.hibernate.engine.transaction.jta.platform.internal.NoJtaPlatform]
2023-01-28 16:40:31.276 [INFO] [main]
                [org.ruste.models.Application:61] Started Application in 1.614 seconds (JVM running for 1.916)
2023-01-28 16:40:31.281 [INFO] [SpringApplicationShutdownHook]
                [com.zaxxer.hikari.HikariDataSource:350] HikariPool-1 - Shutdown initiated...
2023-01-28 16:40:31.284 [INFO] [SpringApplicationShutdownHook]
                [com.zaxxer.hikari.HikariDataSource:352] HikariPool-1 - Shutdown completed.
2023-01-28 16:40:42.902 [INFO] [main]
                [org.ruste.models.Application:55] Starting Application using Java 17.0.1 on Пользователь with PID 8072 (C:\Users\Win10Pro\Documents\Application\Application\Models\target\classes started by Win10Pro in C:\Users\Win10Pro\Documents\Application\Application\Models)
2023-01-28 16:40:42.904 [INFO] [main]
                [org.ruste.models.Application:634] No active profile set, falling back to 1 default profile: "default"
2023-01-28 16:40:43.415 [INFO] [main]
                [org.hibernate.jpa.internal.util.LogHelper:31] HHH000204: Processing PersistenceUnitInfo [name: default]
2023-01-28 16:40:43.447 [INFO] [main]
                [org.hibernate.Version:44] HHH000412: Hibernate ORM core version 5.6.9.Final
2023-01-28 16:40:43.555 [INFO] [main]
                [org.hibernate.annotations.common.Version:56] HCANN000001: Hibernate Commons Annotations {5.1.2.Final}
2023-01-28 16:40:43.652 [INFO] [main]
                [com.zaxxer.hikari.HikariDataSource:110] HikariPool-1 - Starting...
2023-01-28 16:40:43.764 [INFO] [main]
                [com.zaxxer.hikari.HikariDataSource:123] HikariPool-1 - Start completed.
2023-01-28 16:40:43.783 [INFO] [main]
                [org.hibernate.dialect.Dialect:175] HHH000400: Using dialect: org.hibernate.dialect.PostgreSQL10Dialect
2023-01-28 16:40:44.167 [WARN] [main]
                [org.hibernate.engine.jdbc.spi.SqlExceptionHelper:230] SQL Warning Code: 0, SQLState: 00000
2023-01-28 16:40:44.168 [WARN] [main]
                [org.hibernate.engine.jdbc.spi.SqlExceptionHelper:231] таблица "tasks" не существует, пропускается
2023-01-28 16:40:44.206 [INFO] [main]
                [org.hibernate.engine.transaction.jta.platform.internal.JtaPlatformInitiator:52] HHH000490: Using JtaPlatform implementation: [org.hibernate.engine.transaction.jta.platform.internal.NoJtaPlatform]
2023-01-28 16:40:44.275 [INFO] [main]
                [org.ruste.models.Application:61] Started Application in 1.612 seconds (JVM running for 1.925)
2023-01-28 16:40:44.278 [INFO] [SpringApplicationShutdownHook]
                [org.hibernate.tool.schema.internal.SchemaDropperImpl$DelayedDropActionImpl:538] HHH000477: Starting delayed evictData of schema as part of SessionFactory shut-down'
2023-01-28 16:40:44.299 [INFO] [SpringApplicationShutdownHook]
                [com.zaxxer.hikari.HikariDataSource:350] HikariPool-1 - Shutdown initiated...
2023-01-28 16:40:44.301 [INFO] [SpringApplicationShutdownHook]
                [com.zaxxer.hikari.HikariDataSource:352] HikariPool-1 - Shutdown completed.
2023-01-28 16:40:56.246 [INFO] [main]
                [org.ruste.models.Application:55] Starting Application using Java 17.0.1 on Пользователь with PID 1872 (C:\Users\Win10Pro\Documents\Application\Application\Models\target\classes started by Win10Pro in C:\Users\Win10Pro\Documents\Application\Application\Models)
2023-01-28 16:40:56.248 [INFO] [main]
                [org.ruste.models.Application:634] No active profile set, falling back to 1 default profile: "default"
2023-01-28 16:40:56.744 [INFO] [main]
                [org.hibernate.jpa.internal.util.LogHelper:31] HHH000204: Processing PersistenceUnitInfo [name: default]
2023-01-28 16:40:56.775 [INFO] [main]
                [org.hibernate.Version:44] HHH000412: Hibernate ORM core version 5.6.9.Final
2023-01-28 16:40:56.884 [INFO] [main]
                [org.hibernate.annotations.common.Version:56] HCANN000001: Hibernate Commons Annotations {5.1.2.Final}
2023-01-28 16:40:56.984 [INFO] [main]
                [com.zaxxer.hikari.HikariDataSource:110] HikariPool-1 - Starting...
2023-01-28 16:40:57.095 [INFO] [main]
                [com.zaxxer.hikari.HikariDataSource:123] HikariPool-1 - Start completed.
2023-01-28 16:40:57.113 [INFO] [main]
                [org.hibernate.dialect.Dialect:175] HHH000400: Using dialect: org.hibernate.dialect.PostgreSQL10Dialect
2023-01-28 16:40:57.517 [WARN] [main]
                [org.hibernate.engine.jdbc.spi.SqlExceptionHelper:230] SQL Warning Code: 0, SQLState: 00000
2023-01-28 16:40:57.518 [WARN] [main]
                [org.hibernate.engine.jdbc.spi.SqlExceptionHelper:231] таблица "tasks" не существует, пропускается
2023-01-28 16:40:57.559 [INFO] [main]
                [org.hibernate.engine.transaction.jta.platform.internal.JtaPlatformInitiator:52] HHH000490: Using JtaPlatform implementation: [org.hibernate.engine.transaction.jta.platform.internal.NoJtaPlatform]
2023-01-28 16:40:57.620 [INFO] [main]
                [org.ruste.models.Application:61] Started Application in 1.618 seconds (JVM running for 1.928)
2023-01-28 16:40:57.624 [INFO] [SpringApplicationShutdownHook]
                [com.zaxxer.hikari.HikariDataSource:350] HikariPool-1 - Shutdown initiated...
2023-01-28 16:40:57.626 [INFO] [SpringApplicationShutdownHook]
                [com.zaxxer.hikari.HikariDataSource:352] HikariPool-1 - Shutdown completed.
2023-01-28 16:41:09.652 [INFO] [main]
                [org.ruste.models.Application:55] Starting Application using Java 17.0.1 on Пользователь with PID 17624 (C:\Users\Win10Pro\Documents\Application\Application\Models\target\classes started by Win10Pro in C:\Users\Win10Pro\Documents\Application\Application\Models)
2023-01-28 16:41:09.655 [INFO] [main]
                [org.ruste.models.Application:634] No active profile set, falling back to 1 default profile: "default"
2023-01-28 16:41:10.162 [INFO] [main]
                [org.hibernate.jpa.internal.util.LogHelper:31] HHH000204: Processing PersistenceUnitInfo [name: default]
2023-01-28 16:41:10.193 [INFO] [main]
                [org.hibernate.Version:44] HHH000412: Hibernate ORM core version 5.6.9.Final
2023-01-28 16:41:10.303 [INFO] [main]
                [org.hibernate.annotations.common.Version:56] HCANN000001: Hibernate Commons Annotations {5.1.2.Final}
2023-01-28 16:41:10.404 [INFO] [main]
                [com.zaxxer.hikari.HikariDataSource:110] HikariPool-1 - Starting...
2023-01-28 16:41:10.515 [INFO] [main]
                [com.zaxxer.hikari.HikariDataSource:123] HikariPool-1 - Start completed.
2023-01-28 16:41:10.533 [INFO] [main]
                [org.hibernate.dialect.Dialect:175] HHH000400: Using dialect: org.hibernate.dialect.PostgreSQL10Dialect
2023-01-28 16:41:10.958 [INFO] [main]
                [org.hibernate.engine.transaction.jta.platform.internal.JtaPlatformInitiator:52] HHH000490: Using JtaPlatform implementation: [org.hibernate.engine.transaction.jta.platform.internal.NoJtaPlatform]
2023-01-28 16:41:11.031 [INFO] [main]
                [org.ruste.models.Application:61] Started Application in 1.628 seconds (JVM running for 1.921)
2023-01-28 16:41:11.035 [INFO] [SpringApplicationShutdownHook]
                [com.zaxxer.hikari.HikariDataSource:350] HikariPool-1 - Shutdown initiated...
2023-01-28 16:41:11.038 [INFO] [SpringApplicationShutdownHook]
                [com.zaxxer.hikari.HikariDataSource:352] HikariPool-1 - Shutdown completed.
2023-01-28 16:41:20.139 [INFO] [main]
                [org.ruste.models.Application:55] Starting Application using Java 17.0.1 on Пользователь with PID 18928 (C:\Users\Win10Pro\Documents\Application\Application\Models\target\classes started by Win10Pro in C:\Users\Win10Pro\Documents\Application\Application\Models)
2023-01-28 16:41:20.142 [INFO] [main]
                [org.ruste.models.Application:634] No active profile set, falling back to 1 default profile: "default"
2023-01-28 16:41:20.675 [INFO] [main]
                [org.hibernate.jpa.internal.util.LogHelper:31] HHH000204: Processing PersistenceUnitInfo [name: default]
2023-01-28 16:41:20.705 [INFO] [main]
                [org.hibernate.Version:44] HHH000412: Hibernate ORM core version 5.6.9.Final
2023-01-28 16:41:20.815 [INFO] [main]
                [org.hibernate.annotations.common.Version:56] HCANN000001: Hibernate Commons Annotations {5.1.2.Final}
2023-01-28 16:41:20.912 [INFO] [main]
                [com.zaxxer.hikari.HikariDataSource:110] HikariPool-1 - Starting...
2023-01-28 16:41:21.024 [INFO] [main]
                [com.zaxxer.hikari.HikariDataSource:123] HikariPool-1 - Start completed.
2023-01-28 16:41:21.044 [INFO] [main]
                [org.hibernate.dialect.Dialect:175] HHH000400: Using dialect: org.hibernate.dialect.PostgreSQL10Dialect
2023-01-28 16:41:21.474 [INFO] [main]
                [org.hibernate.engine.transaction.jta.platform.internal.JtaPlatformInitiator:52] HHH000490: Using JtaPlatform implementation: [org.hibernate.engine.transaction.jta.platform.internal.NoJtaPlatform]
2023-01-28 16:41:21.539 [INFO] [main]
                [org.ruste.models.Application:61] Started Application in 1.64 seconds (JVM running for 1.957)
2023-01-28 16:41:21.544 [INFO] [SpringApplicationShutdownHook]
                [com.zaxxer.hikari.HikariDataSource:350] HikariPool-1 - Shutdown initiated...
2023-01-28 16:41:21.565 [INFO] [SpringApplicationShutdownHook]
                [com.zaxxer.hikari.HikariDataSource:352] HikariPool-1 - Shutdown completed.
2023-01-28 16:42:53.208 [INFO] [main]
                [org.ruste.models.Application:55] Starting Application using Java 17.0.1 on Пользователь with PID 7200 (C:\Users\Win10Pro\Documents\Application\Application\Models\target\classes started by Win10Pro in C:\Users\Win10Pro\Documents\Application\Application\Models)
2023-01-28 16:42:53.210 [INFO] [main]
                [org.ruste.models.Application:634] No active profile set, falling back to 1 default profile: "default"
2023-01-28 16:42:53.730 [INFO] [main]
                [org.hibernate.jpa.internal.util.LogHelper:31] HHH000204: Processing PersistenceUnitInfo [name: default]
2023-01-28 16:42:53.760 [INFO] [main]
                [org.hibernate.Version:44] HHH000412: Hibernate ORM core version 5.6.9.Final
2023-01-28 16:42:53.867 [INFO] [main]
                [org.hibernate.annotations.common.Version:56] HCANN000001: Hibernate Commons Annotations {5.1.2.Final}
2023-01-28 16:42:53.962 [INFO] [main]
                [com.zaxxer.hikari.HikariDataSource:110] HikariPool-1 - Starting...
2023-01-28 16:42:54.071 [INFO] [main]
                [com.zaxxer.hikari.HikariDataSource:123] HikariPool-1 - Start completed.
2023-01-28 16:42:54.089 [INFO] [main]
                [org.hibernate.dialect.Dialect:175] HHH000400: Using dialect: org.hibernate.dialect.PostgreSQL10Dialect
2023-01-28 16:42:54.503 [INFO] [main]
                [org.hibernate.engine.transaction.jta.platform.internal.JtaPlatformInitiator:52] HHH000490: Using JtaPlatform implementation: [org.hibernate.engine.transaction.jta.platform.internal.NoJtaPlatform]
2023-01-28 16:42:54.575 [INFO] [main]
                [org.ruste.models.Application:61] Started Application in 1.614 seconds (JVM running for 1.913)
2023-01-28 16:42:54.580 [INFO] [SpringApplicationShutdownHook]
                [com.zaxxer.hikari.HikariDataSource:350] HikariPool-1 - Shutdown initiated...
2023-01-28 16:42:54.582 [INFO] [SpringApplicationShutdownHook]
                [com.zaxxer.hikari.HikariDataSource:352] HikariPool-1 - Shutdown completed.
2023-01-28 16:43:05.725 [INFO] [main]
                [org.ruste.models.Application:55] Starting Application using Java 17.0.1 on Пользователь with PID 7368 (C:\Users\Win10Pro\Documents\Application\Application\Models\target\classes started by Win10Pro in C:\Users\Win10Pro\Documents\Application\Application\Models)
2023-01-28 16:43:05.727 [INFO] [main]
                [org.ruste.models.Application:634] No active profile set, falling back to 1 default profile: "default"
2023-01-28 16:43:06.237 [INFO] [main]
                [org.hibernate.jpa.internal.util.LogHelper:31] HHH000204: Processing PersistenceUnitInfo [name: default]
2023-01-28 16:43:06.267 [INFO] [main]
                [org.hibernate.Version:44] HHH000412: Hibernate ORM core version 5.6.9.Final
2023-01-28 16:43:06.376 [INFO] [main]
                [org.hibernate.annotations.common.Version:56] HCANN000001: Hibernate Commons Annotations {5.1.2.Final}
2023-01-28 16:43:06.476 [INFO] [main]
                [com.zaxxer.hikari.HikariDataSource:110] HikariPool-1 - Starting...
2023-01-28 16:43:06.589 [INFO] [main]
                [com.zaxxer.hikari.HikariDataSource:123] HikariPool-1 - Start completed.
2023-01-28 16:43:06.607 [INFO] [main]
                [org.hibernate.dialect.Dialect:175] HHH000400: Using dialect: org.hibernate.dialect.PostgreSQL10Dialect
2023-01-28 16:43:07.029 [INFO] [main]
                [org.hibernate.engine.transaction.jta.platform.internal.JtaPlatformInitiator:52] HHH000490: Using JtaPlatform implementation: [org.hibernate.engine.transaction.jta.platform.internal.NoJtaPlatform]
2023-01-28 16:43:07.100 [INFO] [main]
                [org.ruste.models.Application:61] Started Application in 1.612 seconds (JVM running for 1.913)
2023-01-28 16:43:07.105 [INFO] [SpringApplicationShutdownHook]
                [com.zaxxer.hikari.HikariDataSource:350] HikariPool-1 - Shutdown initiated...
2023-01-28 16:43:07.108 [INFO] [SpringApplicationShutdownHook]
                [com.zaxxer.hikari.HikariDataSource:352] HikariPool-1 - Shutdown completed.
2023-01-28 16:43:25.713 [INFO] [main]
                [org.ruste.models.Application:55] Starting Application using Java 17.0.1 on Пользователь with PID 14356 (C:\Users\Win10Pro\Documents\Application\Application\Models\target\classes started by Win10Pro in C:\Users\Win10Pro\Documents\Application\Application\Models)
2023-01-28 16:43:25.715 [INFO] [main]
                [org.ruste.models.Application:634] No active profile set, falling back to 1 default profile: "default"
2023-01-28 16:43:26.213 [INFO] [main]
                [org.hibernate.jpa.internal.util.LogHelper:31] HHH000204: Processing PersistenceUnitInfo [name: default]
2023-01-28 16:43:26.248 [INFO] [main]
                [org.hibernate.Version:44] HHH000412: Hibernate ORM core version 5.6.9.Final
2023-01-28 16:43:26.361 [INFO] [main]
                [org.hibernate.annotations.common.Version:56] HCANN000001: Hibernate Commons Annotations {5.1.2.Final}
2023-01-28 16:43:26.470 [INFO] [main]
                [com.zaxxer.hikari.HikariDataSource:110] HikariPool-1 - Starting...
2023-01-28 16:43:26.582 [INFO] [main]
                [com.zaxxer.hikari.HikariDataSource:123] HikariPool-1 - Start completed.
2023-01-28 16:43:26.601 [INFO] [main]
                [org.hibernate.dialect.Dialect:175] HHH000400: Using dialect: org.hibernate.dialect.PostgreSQL10Dialect
2023-01-28 16:43:27.004 [INFO] [main]
                [org.hibernate.engine.transaction.jta.platform.internal.JtaPlatformInitiator:52] HHH000490: Using JtaPlatform implementation: [org.hibernate.engine.transaction.jta.platform.internal.NoJtaPlatform]
2023-01-28 16:43:27.079 [INFO] [main]
                [org.ruste.models.Application:61] Started Application in 1.605 seconds (JVM running for 1.896)
2023-01-28 16:43:27.084 [INFO] [SpringApplicationShutdownHook]
                [com.zaxxer.hikari.HikariDataSource:350] HikariPool-1 - Shutdown initiated...
2023-01-28 16:43:27.088 [INFO] [SpringApplicationShutdownHook]
                [com.zaxxer.hikari.HikariDataSource:352] HikariPool-1 - Shutdown completed.
2023-01-28 16:43:59.374 [INFO] [main]
                [org.ruste.models.Application:55] Starting Application using Java 17.0.1 on Пользователь with PID 12280 (C:\Users\Win10Pro\Documents\Application\Application\Models\target\classes started by Win10Pro in C:\Users\Win10Pro\Documents\Application\Application\Models)
2023-01-28 16:43:59.376 [INFO] [main]
                [org.ruste.models.Application:634] No active profile set, falling back to 1 default profile: "default"
2023-01-28 16:43:59.886 [INFO] [main]
                [org.hibernate.jpa.internal.util.LogHelper:31] HHH000204: Processing PersistenceUnitInfo [name: default]
2023-01-28 16:43:59.915 [INFO] [main]
                [org.hibernate.Version:44] HHH000412: Hibernate ORM core version 5.6.9.Final
2023-01-28 16:44:00.027 [INFO] [main]
                [org.hibernate.annotations.common.Version:56] HCANN000001: Hibernate Commons Annotations {5.1.2.Final}
2023-01-28 16:44:00.125 [INFO] [main]
                [com.zaxxer.hikari.HikariDataSource:110] HikariPool-1 - Starting...
2023-01-28 16:44:00.235 [INFO] [main]
                [com.zaxxer.hikari.HikariDataSource:123] HikariPool-1 - Start completed.
2023-01-28 16:44:00.253 [INFO] [main]
                [org.hibernate.dialect.Dialect:175] HHH000400: Using dialect: org.hibernate.dialect.PostgreSQL10Dialect
2023-01-28 16:44:00.663 [INFO] [main]
                [org.hibernate.engine.transaction.jta.platform.internal.JtaPlatformInitiator:52] HHH000490: Using JtaPlatform implementation: [org.hibernate.engine.transaction.jta.platform.internal.NoJtaPlatform]
2023-01-28 16:44:00.722 [INFO] [main]
                [org.ruste.models.Application:61] Started Application in 1.589 seconds (JVM running for 1.905)
2023-01-28 16:44:00.727 [INFO] [SpringApplicationShutdownHook]
                [com.zaxxer.hikari.HikariDataSource:350] HikariPool-1 - Shutdown initiated...
2023-01-28 16:44:00.729 [INFO] [SpringApplicationShutdownHook]
                [com.zaxxer.hikari.HikariDataSource:352] HikariPool-1 - Shutdown completed.
2023-01-28 16:44:26.762 [INFO] [main]
                [org.ruste.models.Application:55] Starting Application using Java 17.0.1 on Пользователь with PID 8356 (C:\Users\Win10Pro\Documents\Application\Application\Models\target\classes started by Win10Pro in C:\Users\Win10Pro\Documents\Application\Application\Models)
2023-01-28 16:44:26.764 [INFO] [main]
                [org.ruste.models.Application:634] No active profile set, falling back to 1 default profile: "default"
2023-01-28 16:44:27.288 [INFO] [main]
                [org.hibernate.jpa.internal.util.LogHelper:31] HHH000204: Processing PersistenceUnitInfo [name: default]
2023-01-28 16:44:27.317 [INFO] [main]
                [org.hibernate.Version:44] HHH000412: Hibernate ORM core version 5.6.9.Final
2023-01-28 16:44:27.426 [INFO] [main]
                [org.hibernate.annotations.common.Version:56] HCANN000001: Hibernate Commons Annotations {5.1.2.Final}
2023-01-28 16:44:27.526 [INFO] [main]
                [com.zaxxer.hikari.HikariDataSource:110] HikariPool-1 - Starting...
2023-01-28 16:44:27.638 [INFO] [main]
                [com.zaxxer.hikari.HikariDataSource:123] HikariPool-1 - Start completed.
2023-01-28 16:44:27.655 [INFO] [main]
                [org.hibernate.dialect.Dialect:175] HHH000400: Using dialect: org.hibernate.dialect.PostgreSQL10Dialect
2023-01-28 16:44:28.034 [INFO] [main]
                [org.hibernate.engine.transaction.jta.platform.internal.JtaPlatformInitiator:52] HHH000490: Using JtaPlatform implementation: [org.hibernate.engine.transaction.jta.platform.internal.NoJtaPlatform]
2023-01-28 16:44:28.102 [INFO] [main]
                [org.ruste.models.Application:61] Started Application in 1.602 seconds (JVM running for 1.893)
2023-01-28 16:44:28.105 [INFO] [SpringApplicationShutdownHook]
                [org.hibernate.tool.schema.internal.SchemaDropperImpl$DelayedDropActionImpl:538] HHH000477: Starting delayed evictData of schema as part of SessionFactory shut-down'
2023-01-28 16:44:28.109 [INFO] [SpringApplicationShutdownHook]
                [com.zaxxer.hikari.HikariDataSource:350] HikariPool-1 - Shutdown initiated...
2023-01-28 16:44:28.112 [INFO] [SpringApplicationShutdownHook]
                [com.zaxxer.hikari.HikariDataSource:352] HikariPool-1 - Shutdown completed.
2023-01-28 16:45:47.079 [INFO] [main]
                [org.ruste.models.Application:55] Starting Application using Java 17.0.1 on Пользователь with PID 15656 (C:\Users\Win10Pro\Documents\Application\Application\Models\target\classes started by Win10Pro in C:\Users\Win10Pro\Documents\Application\Application\Models)
2023-01-28 16:45:47.082 [INFO] [main]
                [org.ruste.models.Application:634] No active profile set, falling back to 1 default profile: "default"
2023-01-28 16:45:47.580 [INFO] [main]
                [org.hibernate.jpa.internal.util.LogHelper:31] HHH000204: Processing PersistenceUnitInfo [name: default]
2023-01-28 16:45:47.611 [INFO] [main]
                [org.hibernate.Version:44] HHH000412: Hibernate ORM core version 5.6.9.Final
2023-01-28 16:45:47.721 [INFO] [main]
                [org.hibernate.annotations.common.Version:56] HCANN000001: Hibernate Commons Annotations {5.1.2.Final}
2023-01-28 16:45:47.826 [INFO] [main]
                [com.zaxxer.hikari.HikariDataSource:110] HikariPool-1 - Starting...
2023-01-28 16:45:47.940 [INFO] [main]
                [com.zaxxer.hikari.HikariDataSource:123] HikariPool-1 - Start completed.
2023-01-28 16:45:47.950 [INFO] [main]
                [org.hibernate.dialect.Dialect:175] HHH000400: Using dialect: org.hibernate.dialect.PostgreSQLDialect
2023-01-28 16:45:48.357 [INFO] [main]
                [org.hibernate.engine.transaction.jta.platform.internal.JtaPlatformInitiator:52] HHH000490: Using JtaPlatform implementation: [org.hibernate.engine.transaction.jta.platform.internal.NoJtaPlatform]
2023-01-28 16:45:48.423 [INFO] [main]
                [org.ruste.models.Application:61] Started Application in 1.593 seconds (JVM running for 1.89)
2023-01-28 16:45:48.428 [INFO] [SpringApplicationShutdownHook]
                [com.zaxxer.hikari.HikariDataSource:350] HikariPool-1 - Shutdown initiated...
2023-01-28 16:45:48.430 [INFO] [SpringApplicationShutdownHook]
                [com.zaxxer.hikari.HikariDataSource:352] HikariPool-1 - Shutdown completed.
2023-01-28 16:46:19.674 [INFO] [main]
                [org.ruste.models.Application:55] Starting Application using Java 17.0.1 on Пользователь with PID 8704 (C:\Users\Win10Pro\Documents\Application\Application\Models\target\classes started by Win10Pro in C:\Users\Win10Pro\Documents\Application\Application\Models)
2023-01-28 16:46:19.676 [INFO] [main]
                [org.ruste.models.Application:634] No active profile set, falling back to 1 default profile: "default"
2023-01-28 16:46:20.176 [INFO] [main]
                [org.hibernate.jpa.internal.util.LogHelper:31] HHH000204: Processing PersistenceUnitInfo [name: default]
2023-01-28 16:46:20.206 [INFO] [main]
                [org.hibernate.Version:44] HHH000412: Hibernate ORM core version 5.6.9.Final
2023-01-28 16:46:20.317 [INFO] [main]
                [org.hibernate.annotations.common.Version:56] HCANN000001: Hibernate Commons Annotations {5.1.2.Final}
2023-01-28 16:46:20.421 [INFO] [main]
                [com.zaxxer.hikari.HikariDataSource:110] HikariPool-1 - Starting...
2023-01-28 16:46:20.537 [INFO] [main]
                [com.zaxxer.hikari.HikariDataSource:123] HikariPool-1 - Start completed.
2023-01-28 16:46:20.547 [INFO] [main]
                [org.hibernate.dialect.Dialect:175] HHH000400: Using dialect: org.hibernate.dialect.PostgreSQLDialect
2023-01-28 16:46:20.956 [INFO] [main]
                [org.hibernate.engine.transaction.jta.platform.internal.JtaPlatformInitiator:52] HHH000490: Using JtaPlatform implementation: [org.hibernate.engine.transaction.jta.platform.internal.NoJtaPlatform]
2023-01-28 16:46:21.025 [INFO] [main]
                [org.ruste.models.Application:61] Started Application in 1.591 seconds (JVM running for 1.884)
2023-01-28 16:46:21.030 [INFO] [SpringApplicationShutdownHook]
                [com.zaxxer.hikari.HikariDataSource:350] HikariPool-1 - Shutdown initiated...
2023-01-28 16:46:21.038 [INFO] [SpringApplicationShutdownHook]
                [com.zaxxer.hikari.HikariDataSource:352] HikariPool-1 - Shutdown completed.
2023-01-28 16:46:35.612 [INFO] [main]
                [org.ruste.models.Application:55] Starting Application using Java 17.0.1 on Пользователь with PID 3368 (C:\Users\Win10Pro\Documents\Application\Application\Models\target\classes started by Win10Pro in C:\Users\Win10Pro\Documents\Application\Application\Models)
2023-01-28 16:46:35.614 [INFO] [main]
                [org.ruste.models.Application:634] No active profile set, falling back to 1 default profile: "default"
2023-01-28 16:46:36.149 [INFO] [main]
                [org.hibernate.jpa.internal.util.LogHelper:31] HHH000204: Processing PersistenceUnitInfo [name: default]
2023-01-28 16:46:36.180 [INFO] [main]
                [org.hibernate.Version:44] HHH000412: Hibernate ORM core version 5.6.9.Final
2023-01-28 16:46:36.289 [INFO] [main]
                [org.hibernate.annotations.common.Version:56] HCANN000001: Hibernate Commons Annotations {5.1.2.Final}
2023-01-28 16:46:36.398 [INFO] [main]
                [com.zaxxer.hikari.HikariDataSource:110] HikariPool-1 - Starting...
2023-01-28 16:46:36.511 [INFO] [main]
                [com.zaxxer.hikari.HikariDataSource:123] HikariPool-1 - Start completed.
2023-01-28 16:46:36.521 [INFO] [main]
                [org.hibernate.dialect.Dialect:175] HHH000400: Using dialect: org.hibernate.dialect.PostgreSQLDialect
2023-01-28 16:46:36.913 [INFO] [main]
                [org.hibernate.engine.transaction.jta.platform.internal.JtaPlatformInitiator:52] HHH000490: Using JtaPlatform implementation: [org.hibernate.engine.transaction.jta.platform.internal.NoJtaPlatform]
2023-01-28 16:46:36.978 [INFO] [main]
                [org.ruste.models.Application:61] Started Application in 1.614 seconds (JVM running for 1.914)
2023-01-28 16:46:36.984 [INFO] [SpringApplicationShutdownHook]
                [com.zaxxer.hikari.HikariDataSource:350] HikariPool-1 - Shutdown initiated...
2023-01-28 16:46:36.986 [INFO] [SpringApplicationShutdownHook]
                [com.zaxxer.hikari.HikariDataSource:352] HikariPool-1 - Shutdown completed.
2023-01-28 16:47:08.482 [INFO] [main]
                [org.ruste.models.Application:55] Starting Application using Java 17.0.1 on Пользователь with PID 15692 (C:\Users\Win10Pro\Documents\Application\Application\Models\target\classes started by Win10Pro in C:\Users\Win10Pro\Documents\Application\Application\Models)
2023-01-28 16:47:08.484 [INFO] [main]
                [org.ruste.models.Application:634] No active profile set, falling back to 1 default profile: "default"
2023-01-28 16:47:08.982 [INFO] [main]
                [org.hibernate.jpa.internal.util.LogHelper:31] HHH000204: Processing PersistenceUnitInfo [name: default]
2023-01-28 16:47:09.012 [INFO] [main]
                [org.hibernate.Version:44] HHH000412: Hibernate ORM core version 5.6.9.Final
2023-01-28 16:47:09.119 [INFO] [main]
                [org.hibernate.annotations.common.Version:56] HCANN000001: Hibernate Commons Annotations {5.1.2.Final}
2023-01-28 16:47:09.232 [INFO] [main]
                [com.zaxxer.hikari.HikariDataSource:110] HikariPool-1 - Starting...
2023-01-28 16:47:09.345 [INFO] [main]
                [com.zaxxer.hikari.HikariDataSource:123] HikariPool-1 - Start completed.
2023-01-28 16:47:09.355 [INFO] [main]
                [org.hibernate.dialect.Dialect:175] HHH000400: Using dialect: org.hibernate.dialect.PostgreSQLDialect
2023-01-28 16:47:09.761 [INFO] [main]
                [org.hibernate.engine.transaction.jta.platform.internal.JtaPlatformInitiator:52] HHH000490: Using JtaPlatform implementation: [org.hibernate.engine.transaction.jta.platform.internal.NoJtaPlatform]
2023-01-28 16:47:09.829 [INFO] [main]
                [org.ruste.models.Application:61] Started Application in 1.59 seconds (JVM running for 1.901)
2023-01-28 16:47:09.834 [INFO] [SpringApplicationShutdownHook]
                [com.zaxxer.hikari.HikariDataSource:350] HikariPool-1 - Shutdown initiated...
2023-01-28 16:47:09.836 [INFO] [SpringApplicationShutdownHook]
                [com.zaxxer.hikari.HikariDataSource:352] HikariPool-1 - Shutdown completed.
2023-01-28 16:47:20.762 [INFO] [main]
                [org.ruste.models.Application:55] Starting Application using Java 17.0.1 on Пользователь with PID 10448 (C:\Users\Win10Pro\Documents\Application\Application\Models\target\classes started by Win10Pro in C:\Users\Win10Pro\Documents\Application\Application\Models)
2023-01-28 16:47:20.765 [INFO] [main]
                [org.ruste.models.Application:634] No active profile set, falling back to 1 default profile: "default"
2023-01-28 16:47:21.297 [INFO] [main]
                [org.hibernate.jpa.internal.util.LogHelper:31] HHH000204: Processing PersistenceUnitInfo [name: default]
2023-01-28 16:47:21.328 [INFO] [main]
                [org.hibernate.Version:44] HHH000412: Hibernate ORM core version 5.6.9.Final
2023-01-28 16:47:21.450 [INFO] [main]
                [org.hibernate.annotations.common.Version:56] HCANN000001: Hibernate Commons Annotations {5.1.2.Final}
2023-01-28 16:47:21.568 [INFO] [main]
                [com.zaxxer.hikari.HikariDataSource:110] HikariPool-1 - Starting...
2023-01-28 16:47:21.815 [INFO] [main]
                [com.zaxxer.hikari.HikariDataSource:123] HikariPool-1 - Start completed.
2023-01-28 16:47:21.830 [INFO] [main]
                [org.hibernate.dialect.Dialect:175] HHH000400: Using dialect: org.hibernate.dialect.PostgreSQLDialect
2023-01-28 16:47:22.257 [INFO] [main]
                [org.hibernate.engine.transaction.jta.platform.internal.JtaPlatformInitiator:52] HHH000490: Using JtaPlatform implementation: [org.hibernate.engine.transaction.jta.platform.internal.NoJtaPlatform]
2023-01-28 16:47:22.324 [INFO] [main]
                [org.ruste.models.Application:61] Started Application in 1.817 seconds (JVM running for 2.121)
2023-01-28 16:47:22.328 [INFO] [SpringApplicationShutdownHook]
                [com.zaxxer.hikari.HikariDataSource:350] HikariPool-1 - Shutdown initiated...
2023-01-28 16:47:22.333 [INFO] [SpringApplicationShutdownHook]
                [com.zaxxer.hikari.HikariDataSource:352] HikariPool-1 - Shutdown completed.
2023-01-28 16:50:12.880 [INFO] [main]
                [org.ruste.models.Application:55] Starting Application using Java 17.0.1 on Пользователь with PID 16072 (C:\Users\Win10Pro\Documents\Application\Application\Models\target\classes started by Win10Pro in C:\Users\Win10Pro\Documents\Application\Application\Models)
2023-01-28 16:50:12.883 [INFO] [main]
                [org.ruste.models.Application:634] No active profile set, falling back to 1 default profile: "default"
2023-01-28 16:50:13.392 [INFO] [main]
                [org.hibernate.jpa.internal.util.LogHelper:31] HHH000204: Processing PersistenceUnitInfo [name: default]
2023-01-28 16:50:13.423 [INFO] [main]
                [org.hibernate.Version:44] HHH000412: Hibernate ORM core version 5.6.9.Final
2023-01-28 16:50:13.535 [INFO] [main]
                [org.hibernate.annotations.common.Version:56] HCANN000001: Hibernate Commons Annotations {5.1.2.Final}
2023-01-28 16:50:13.636 [INFO] [main]
                [com.zaxxer.hikari.HikariDataSource:110] HikariPool-1 - Starting...
2023-01-28 16:50:13.750 [INFO] [main]
                [com.zaxxer.hikari.HikariDataSource:123] HikariPool-1 - Start completed.
2023-01-28 16:50:13.761 [INFO] [main]
                [org.hibernate.dialect.Dialect:175] HHH000400: Using dialect: org.hibernate.dialect.PostgreSQLDialect
2023-01-28 16:50:14.156 [INFO] [main]
                [org.hibernate.engine.transaction.jta.platform.internal.JtaPlatformInitiator:52] HHH000490: Using JtaPlatform implementation: [org.hibernate.engine.transaction.jta.platform.internal.NoJtaPlatform]
2023-01-28 16:50:14.229 [INFO] [main]
                [org.ruste.models.Application:61] Started Application in 1.595 seconds (JVM running for 1.908)
2023-01-28 16:50:14.234 [INFO] [SpringApplicationShutdownHook]
                [com.zaxxer.hikari.HikariDataSource:350] HikariPool-1 - Shutdown initiated...
2023-01-28 16:50:14.237 [INFO] [SpringApplicationShutdownHook]
                [com.zaxxer.hikari.HikariDataSource:352] HikariPool-1 - Shutdown completed.
2023-01-28 16:51:49.749 [INFO] [main]
                [org.ruste.models.Application:55] Starting Application using Java 17.0.1 on Пользователь with PID 1152 (C:\Users\Win10Pro\Documents\Application\Application\Models\target\classes started by Win10Pro in C:\Users\Win10Pro\Documents\Application\Application\Models)
2023-01-28 16:51:49.751 [INFO] [main]
                [org.ruste.models.Application:634] No active profile set, falling back to 1 default profile: "default"
2023-01-28 16:51:50.265 [INFO] [main]
                [org.hibernate.jpa.internal.util.LogHelper:31] HHH000204: Processing PersistenceUnitInfo [name: default]
2023-01-28 16:51:50.295 [INFO] [main]
                [org.hibernate.Version:44] HHH000412: Hibernate ORM core version 5.6.9.Final
2023-01-28 16:51:50.405 [INFO] [main]
                [org.hibernate.annotations.common.Version:56] HCANN000001: Hibernate Commons Annotations {5.1.2.Final}
2023-01-28 16:51:50.508 [INFO] [main]
                [com.zaxxer.hikari.HikariDataSource:110] HikariPool-1 - Starting...
2023-01-28 16:51:50.627 [INFO] [main]
                [com.zaxxer.hikari.HikariDataSource:123] HikariPool-1 - Start completed.
2023-01-28 16:51:50.637 [INFO] [main]
                [org.hibernate.dialect.Dialect:175] HHH000400: Using dialect: org.hibernate.dialect.PostgreSQLDialect
2023-01-28 16:51:51.078 [INFO] [main]
                [org.hibernate.engine.transaction.jta.platform.internal.JtaPlatformInitiator:52] HHH000490: Using JtaPlatform implementation: [org.hibernate.engine.transaction.jta.platform.internal.NoJtaPlatform]
2023-01-28 16:51:51.147 [INFO] [main]
                [org.ruste.models.Application:61] Started Application in 1.64 seconds (JVM running for 1.943)
2023-01-28 16:51:51.153 [INFO] [SpringApplicationShutdownHook]
                [com.zaxxer.hikari.HikariDataSource:350] HikariPool-1 - Shutdown initiated...
2023-01-28 16:51:51.155 [INFO] [SpringApplicationShutdownHook]
                [com.zaxxer.hikari.HikariDataSource:352] HikariPool-1 - Shutdown completed.
2023-01-28 16:52:58.553 [INFO] [main]
                [org.ruste.models.Application:55] Starting Application using Java 17.0.1 on Пользователь with PID 18192 (C:\Users\Win10Pro\Documents\Application\Application\Models\target\classes started by Win10Pro in C:\Users\Win10Pro\Documents\Application\Application\Models)
2023-01-28 16:52:58.556 [DEBUG] [main]
                [org.ruste.models.Application:56] Running with Spring Boot v2.7.1, Spring v5.3.21
2023-01-28 16:52:58.557 [INFO] [main]
                [org.ruste.models.Application:634] No active profile set, falling back to 1 default profile: "default"
2023-01-28 16:52:59.036 [DEBUG] [main]
                [com.zaxxer.hikari.HikariConfig:971] Driver class org.postgresql.Driver found in Thread context class loader jdk.internal.loader.ClassLoaders$AppClassLoader@266474c2
2023-01-28 16:52:59.112 [INFO] [main]
                [org.ruste.models.Application:61] Started Application in 0.843 seconds (JVM running for 1.15)
2023-01-28 16:53:33.809 [INFO] [main]
                [org.ruste.models.Application:55] Starting Application using Java 17.0.1 on Пользователь with PID 5032 (C:\Users\Win10Pro\Documents\Application\Application\Models\target\classes started by Win10Pro in C:\Users\Win10Pro\Documents\Application\Application\Models)
2023-01-28 16:53:33.811 [INFO] [main]
                [org.ruste.models.Application:634] No active profile set, falling back to 1 default profile: "default"
2023-01-28 16:53:34.273 [INFO] [main]
                [org.ruste.models.Application:61] Started Application in 0.713 seconds (JVM running for 1.002)
2023-01-28 16:54:09.354 [INFO] [main]
                [org.ruste.models.Application:55] Starting Application using Java 17.0.1 on Пользователь with PID 15716 (C:\Users\Win10Pro\Documents\Application\Application\Models\target\classes started by Win10Pro in C:\Users\Win10Pro\Documents\Application\Application\Models)
2023-01-28 16:54:09.357 [INFO] [main]
                [org.ruste.models.Application:634] No active profile set, falling back to 1 default profile: "default"
2023-01-28 16:54:09.810 [INFO] [main]
                [org.ruste.models.Application:61] Started Application in 0.708 seconds (JVM running for 0.981)
2023-01-28 16:54:40.901 [INFO] [main]
                [org.ruste.models.Application:55] Starting Application using Java 17.0.1 on Пользователь with PID 18596 (C:\Users\Win10Pro\Documents\Application\Application\Models\target\classes started by Win10Pro in C:\Users\Win10Pro\Documents\Application\Application\Models)
2023-01-28 16:54:40.903 [INFO] [main]
                [org.ruste.models.Application:634] No active profile set, falling back to 1 default profile: "default"
2023-01-28 16:54:41.364 [INFO] [main]
                [org.ruste.models.Application:61] Started Application in 0.719 seconds (JVM running for 0.996)
2023-01-28 16:55:14.128 [INFO] [main]
                [org.ruste.models.Application:55] Starting Application using Java 17.0.1 on Пользователь with PID 16756 (C:\Users\Win10Pro\Documents\Application\Application\Models\target\classes started by Win10Pro in C:\Users\Win10Pro\Documents\Application\Application\Models)
2023-01-28 16:55:14.131 [INFO] [main]
                [org.ruste.models.Application:634] No active profile set, falling back to 1 default profile: "default"
2023-01-28 16:55:14.603 [INFO] [main]
                [org.ruste.models.Application:61] Started Application in 0.719 seconds (JVM running for 1.019)
2023-01-28 16:56:22.081 [INFO] [main]
                [org.ruste.models.Application:55] Starting Application using Java 17.0.1 on Пользователь with PID 3880 (C:\Users\Win10Pro\Documents\Application\Application\Models\target\classes started by Win10Pro in C:\Users\Win10Pro\Documents\Application\Application\Models)
2023-01-28 16:56:22.084 [INFO] [main]
                [org.ruste.models.Application:634] No active profile set, falling back to 1 default profile: "default"
2023-01-28 16:56:22.553 [INFO] [main]
                [org.ruste.models.Application:61] Started Application in 0.729 seconds (JVM running for 1.004)
2023-01-28 16:56:34.687 [INFO] [main]
                [org.ruste.models.Application:55] Starting Application using Java 17.0.1 on Пользователь with PID 18668 (C:\Users\Win10Pro\Documents\Application\Application\Models\target\classes started by Win10Pro in C:\Users\Win10Pro\Documents\Application\Application\Models)
2023-01-28 16:56:34.689 [INFO] [main]
                [org.ruste.models.Application:634] No active profile set, falling back to 1 default profile: "default"
2023-01-28 16:56:35.160 [INFO] [main]
                [org.ruste.models.Application:61] Started Application in 0.735 seconds (JVM running for 1.025)
2023-01-28 16:57:20.948 [INFO] [main]
                [org.ruste.models.Application:55] Starting Application using Java 17.0.1 on Пользователь with PID 8820 (C:\Users\Win10Pro\Documents\Application\Application\Models\target\classes started by Win10Pro in C:\Users\Win10Pro\Documents\Application\Application\Models)
2023-01-28 16:57:20.950 [INFO] [main]
                [org.ruste.models.Application:634] No active profile set, falling back to 1 default profile: "default"
2023-01-28 16:57:21.457 [INFO] [main]
                [org.hibernate.jpa.internal.util.LogHelper:31] HHH000204: Processing PersistenceUnitInfo [name: default]
2023-01-28 16:57:21.486 [INFO] [main]
                [org.hibernate.Version:44] HHH000412: Hibernate ORM core version 5.6.9.Final
2023-01-28 16:57:21.610 [INFO] [main]
                [org.hibernate.annotations.common.Version:56] HCANN000001: Hibernate Commons Annotations {5.1.2.Final}
2023-01-28 16:57:21.710 [INFO] [main]
                [com.zaxxer.hikari.HikariDataSource:110] HikariPool-1 - Starting...
2023-01-28 16:57:21.820 [INFO] [main]
                [com.zaxxer.hikari.HikariDataSource:123] HikariPool-1 - Start completed.
2023-01-28 16:57:21.831 [INFO] [main]
                [org.hibernate.dialect.Dialect:175] HHH000400: Using dialect: org.hibernate.dialect.PostgreSQLDialect
2023-01-28 16:57:21.976 [INFO] [main]
                [org.hibernate.engine.transaction.jta.platform.internal.JtaPlatformInitiator:52] HHH000490: Using JtaPlatform implementation: [org.hibernate.engine.transaction.jta.platform.internal.NoJtaPlatform]
2023-01-28 16:57:22.058 [INFO] [main]
                [org.ruste.models.Application:61] Started Application in 1.353 seconds (JVM running for 1.65)
2023-01-28 16:57:22.063 [INFO] [SpringApplicationShutdownHook]
                [com.zaxxer.hikari.HikariDataSource:350] HikariPool-1 - Shutdown initiated...
2023-01-28 16:57:22.166 [INFO] [SpringApplicationShutdownHook]
                [com.zaxxer.hikari.HikariDataSource:352] HikariPool-1 - Shutdown completed.
2023-01-28 16:57:36.971 [INFO] [main]
                [org.ruste.models.Application:55] Starting Application using Java 17.0.1 on Пользователь with PID 6116 (C:\Users\Win10Pro\Documents\Application\Application\Models\target\classes started by Win10Pro in C:\Users\Win10Pro\Documents\Application\Application\Models)
2023-01-28 16:57:36.973 [INFO] [main]
                [org.ruste.models.Application:634] No active profile set, falling back to 1 default profile: "default"
2023-01-28 16:57:37.476 [INFO] [main]
                [org.hibernate.jpa.internal.util.LogHelper:31] HHH000204: Processing PersistenceUnitInfo [name: default]
2023-01-28 16:57:37.509 [INFO] [main]
                [org.hibernate.Version:44] HHH000412: Hibernate ORM core version 5.6.9.Final
2023-01-28 16:57:37.625 [INFO] [main]
                [org.hibernate.annotations.common.Version:56] HCANN000001: Hibernate Commons Annotations {5.1.2.Final}
2023-01-28 16:57:37.732 [INFO] [main]
                [com.zaxxer.hikari.HikariDataSource:110] HikariPool-1 - Starting...
2023-01-28 16:57:37.844 [INFO] [main]
                [com.zaxxer.hikari.HikariDataSource:123] HikariPool-1 - Start completed.
2023-01-28 16:57:37.854 [INFO] [main]
                [org.hibernate.dialect.Dialect:175] HHH000400: Using dialect: org.hibernate.dialect.PostgreSQLDialect
2023-01-28 16:57:37.998 [INFO] [main]
                [org.hibernate.engine.transaction.jta.platform.internal.JtaPlatformInitiator:52] HHH000490: Using JtaPlatform implementation: [org.hibernate.engine.transaction.jta.platform.internal.NoJtaPlatform]
2023-01-28 16:57:38.065 [INFO] [main]
                [org.ruste.models.Application:61] Started Application in 1.333 seconds (JVM running for 1.628)
2023-01-28 16:57:38.071 [INFO] [SpringApplicationShutdownHook]
                [com.zaxxer.hikari.HikariDataSource:350] HikariPool-1 - Shutdown initiated...
2023-01-28 16:57:38.090 [INFO] [SpringApplicationShutdownHook]
                [com.zaxxer.hikari.HikariDataSource:352] HikariPool-1 - Shutdown completed.
2023-01-28 17:00:39.036 [INFO] [main]
                [org.ruste.models.Application:55] Starting Application using Java 17.0.1 on Пользователь with PID 9684 (C:\Users\Win10Pro\Documents\Application\Application\Models\target\classes started by Win10Pro in C:\Users\Win10Pro\Documents\Application\Application\Models)
2023-01-28 17:00:39.038 [INFO] [main]
                [org.ruste.models.Application:634] No active profile set, falling back to 1 default profile: "default"
2023-01-28 17:00:39.459 [ERROR] [main]
                [org.springframework.boot.SpringApplication:824] Application run failed
org.springframework.beans.factory.UnsatisfiedDependencyException: Error creating bean with name 'dataSourceScriptDatabaseInitializer' defined in class path resource [org/springframework/boot/autoconfigure/sql/init/DataSourceInitializationConfiguration.class]: Unsatisfied dependency expressed through method 'dataSourceScriptDatabaseInitializer' parameter 0; nested exception is org.springframework.beans.factory.BeanCreationException: Error creating bean with name 'dataSource' defined in class path resource [org/springframework/boot/autoconfigure/jdbc/DataSourceConfiguration$Hikari.class]: Bean instantiation via factory method failed; nested exception is org.springframework.beans.BeanInstantiationException: Failed to instantiate [com.zaxxer.hikari.HikariDataSource]: Factory method 'dataSource' threw exception; nested exception is java.lang.IllegalStateException: Cannot load driver class: org.h2.Driver
	at org.springframework.beans.factory.support.ConstructorResolver.createArgumentArray(ConstructorResolver.java:800)
	at org.springframework.beans.factory.support.ConstructorResolver.instantiateUsingFactoryMethod(ConstructorResolver.java:541)
	at org.springframework.beans.factory.support.AbstractAutowireCapableBeanFactory.instantiateUsingFactoryMethod(AbstractAutowireCapableBeanFactory.java:1352)
	at org.springframework.beans.factory.support.AbstractAutowireCapableBeanFactory.createBeanInstance(AbstractAutowireCapableBeanFactory.java:1195)
	at org.springframework.beans.factory.support.AbstractAutowireCapableBeanFactory.doCreateBean(AbstractAutowireCapableBeanFactory.java:582)
	at org.springframework.beans.factory.support.AbstractAutowireCapableBeanFactory.createBean(AbstractAutowireCapableBeanFactory.java:542)
	at org.springframework.beans.factory.support.AbstractBeanFactory.lambda$doGetBean$0(AbstractBeanFactory.java:335)
	at org.springframework.beans.factory.support.DefaultSingletonBeanRegistry.getSingleton(DefaultSingletonBeanRegistry.java:234)
	at org.springframework.beans.factory.support.AbstractBeanFactory.doGetBean(AbstractBeanFactory.java:333)
	at org.springframework.beans.factory.support.AbstractBeanFactory.getBean(AbstractBeanFactory.java:208)
	at org.springframework.beans.factory.support.AbstractBeanFactory.doGetBean(AbstractBeanFactory.java:322)
	at org.springframework.beans.factory.support.AbstractBeanFactory.getBean(AbstractBeanFactory.java:208)
	at org.springframework.context.support.AbstractApplicationContext.getBean(AbstractApplicationContext.java:1154)
	at org.springframework.context.support.AbstractApplicationContext.finishBeanFactoryInitialization(AbstractApplicationContext.java:908)
	at org.springframework.context.support.AbstractApplicationContext.refresh(AbstractApplicationContext.java:583)
	at org.springframework.boot.SpringApplication.refresh(SpringApplication.java:734)
	at org.springframework.boot.SpringApplication.refreshContext(SpringApplication.java:408)
	at org.springframework.boot.SpringApplication.run(SpringApplication.java:308)
	at org.springframework.boot.SpringApplication.run(SpringApplication.java:1306)
	at org.springframework.boot.SpringApplication.run(SpringApplication.java:1295)
	at org.ruste.models.Application.main(Application.java:9)
Caused by: org.springframework.beans.factory.BeanCreationException: Error creating bean with name 'dataSource' defined in class path resource [org/springframework/boot/autoconfigure/jdbc/DataSourceConfiguration$Hikari.class]: Bean instantiation via factory method failed; nested exception is org.springframework.beans.BeanInstantiationException: Failed to instantiate [com.zaxxer.hikari.HikariDataSource]: Factory method 'dataSource' threw exception; nested exception is java.lang.IllegalStateException: Cannot load driver class: org.h2.Driver
	at org.springframework.beans.factory.support.ConstructorResolver.instantiate(ConstructorResolver.java:658)
	at org.springframework.beans.factory.support.ConstructorResolver.instantiateUsingFactoryMethod(ConstructorResolver.java:638)
	at org.springframework.beans.factory.support.AbstractAutowireCapableBeanFactory.instantiateUsingFactoryMethod(AbstractAutowireCapableBeanFactory.java:1352)
	at org.springframework.beans.factory.support.AbstractAutowireCapableBeanFactory.createBeanInstance(AbstractAutowireCapableBeanFactory.java:1195)
	at org.springframework.beans.factory.support.AbstractAutowireCapableBeanFactory.doCreateBean(AbstractAutowireCapableBeanFactory.java:582)
	at org.springframework.beans.factory.support.AbstractAutowireCapableBeanFactory.createBean(AbstractAutowireCapableBeanFactory.java:542)
	at org.springframework.beans.factory.support.AbstractBeanFactory.lambda$doGetBean$0(AbstractBeanFactory.java:335)
	at org.springframework.beans.factory.support.DefaultSingletonBeanRegistry.getSingleton(DefaultSingletonBeanRegistry.java:234)
	at org.springframework.beans.factory.support.AbstractBeanFactory.doGetBean(AbstractBeanFactory.java:333)
	at org.springframework.beans.factory.support.AbstractBeanFactory.getBean(AbstractBeanFactory.java:208)
	at org.springframework.beans.factory.config.DependencyDescriptor.resolveCandidate(DependencyDescriptor.java:276)
	at org.springframework.beans.factory.support.DefaultListableBeanFactory.doResolveDependency(DefaultListableBeanFactory.java:1391)
	at org.springframework.beans.factory.support.DefaultListableBeanFactory.resolveDependency(DefaultListableBeanFactory.java:1311)
	at org.springframework.beans.factory.support.ConstructorResolver.resolveAutowiredArgument(ConstructorResolver.java:887)
	at org.springframework.beans.factory.support.ConstructorResolver.createArgumentArray(ConstructorResolver.java:791)
	... 20 common frames omitted
Caused by: org.springframework.beans.BeanInstantiationException: Failed to instantiate [com.zaxxer.hikari.HikariDataSource]: Factory method 'dataSource' threw exception; nested exception is java.lang.IllegalStateException: Cannot load driver class: org.h2.Driver
	at org.springframework.beans.factory.support.SimpleInstantiationStrategy.instantiate(SimpleInstantiationStrategy.java:185)
	at org.springframework.beans.factory.support.ConstructorResolver.instantiate(ConstructorResolver.java:653)
	... 34 common frames omitted
Caused by: java.lang.IllegalStateException: Cannot load driver class: org.h2.Driver
	at org.springframework.util.Assert.state(Assert.java:97)
	at org.springframework.boot.autoconfigure.jdbc.DataSourceProperties.determineDriverClassName(DataSourceProperties.java:171)
	at org.springframework.boot.autoconfigure.jdbc.DataSourceProperties.initializeDataSourceBuilder(DataSourceProperties.java:123)
	at org.springframework.boot.autoconfigure.jdbc.DataSourceConfiguration.createDataSource(DataSourceConfiguration.java:48)
	at org.springframework.boot.autoconfigure.jdbc.DataSourceConfiguration$Hikari.dataSource(DataSourceConfiguration.java:90)
	at java.base/jdk.internal.reflect.NativeMethodAccessorImpl.invoke0(Native Method)
	at java.base/jdk.internal.reflect.NativeMethodAccessorImpl.invoke(NativeMethodAccessorImpl.java:77)
	at java.base/jdk.internal.reflect.DelegatingMethodAccessorImpl.invoke(DelegatingMethodAccessorImpl.java:43)
	at java.base/java.lang.reflect.Method.invoke(Method.java:568)
	at org.springframework.beans.factory.support.SimpleInstantiationStrategy.instantiate(SimpleInstantiationStrategy.java:154)
	... 35 common frames omitted
2023-01-28 17:01:11.267 [INFO] [main]
                [org.ruste.models.Application:55] Starting Application using Java 17.0.1 on Пользователь with PID 12164 (C:\Users\Win10Pro\Documents\Application\Application\Models\target\classes started by Win10Pro in C:\Users\Win10Pro\Documents\Application\Application\Models)
2023-01-28 17:01:11.270 [INFO] [main]
                [org.ruste.models.Application:634] No active profile set, falling back to 1 default profile: "default"
2023-01-28 17:01:11.720 [ERROR] [main]
                [org.springframework.boot.SpringApplication:824] Application run failed
org.springframework.beans.factory.UnsatisfiedDependencyException: Error creating bean with name 'dataSourceScriptDatabaseInitializer' defined in class path resource [org/springframework/boot/autoconfigure/sql/init/DataSourceInitializationConfiguration.class]: Unsatisfied dependency expressed through method 'dataSourceScriptDatabaseInitializer' parameter 0; nested exception is org.springframework.beans.factory.BeanCreationException: Error creating bean with name 'dataSource' defined in class path resource [org/springframework/boot/autoconfigure/jdbc/DataSourceConfiguration$Hikari.class]: Bean instantiation via factory method failed; nested exception is org.springframework.beans.BeanInstantiationException: Failed to instantiate [com.zaxxer.hikari.HikariDataSource]: Factory method 'dataSource' threw exception; nested exception is java.lang.IllegalStateException: Cannot load driver class: org.h2.Driver
	at org.springframework.beans.factory.support.ConstructorResolver.createArgumentArray(ConstructorResolver.java:800)
	at org.springframework.beans.factory.support.ConstructorResolver.instantiateUsingFactoryMethod(ConstructorResolver.java:541)
	at org.springframework.beans.factory.support.AbstractAutowireCapableBeanFactory.instantiateUsingFactoryMethod(AbstractAutowireCapableBeanFactory.java:1352)
	at org.springframework.beans.factory.support.AbstractAutowireCapableBeanFactory.createBeanInstance(AbstractAutowireCapableBeanFactory.java:1195)
	at org.springframework.beans.factory.support.AbstractAutowireCapableBeanFactory.doCreateBean(AbstractAutowireCapableBeanFactory.java:582)
	at org.springframework.beans.factory.support.AbstractAutowireCapableBeanFactory.createBean(AbstractAutowireCapableBeanFactory.java:542)
	at org.springframework.beans.factory.support.AbstractBeanFactory.lambda$doGetBean$0(AbstractBeanFactory.java:335)
	at org.springframework.beans.factory.support.DefaultSingletonBeanRegistry.getSingleton(DefaultSingletonBeanRegistry.java:234)
	at org.springframework.beans.factory.support.AbstractBeanFactory.doGetBean(AbstractBeanFactory.java:333)
	at org.springframework.beans.factory.support.AbstractBeanFactory.getBean(AbstractBeanFactory.java:208)
	at org.springframework.beans.factory.support.AbstractBeanFactory.doGetBean(AbstractBeanFactory.java:322)
	at org.springframework.beans.factory.support.AbstractBeanFactory.getBean(AbstractBeanFactory.java:208)
	at org.springframework.context.support.AbstractApplicationContext.getBean(AbstractApplicationContext.java:1154)
	at org.springframework.context.support.AbstractApplicationContext.finishBeanFactoryInitialization(AbstractApplicationContext.java:908)
	at org.springframework.context.support.AbstractApplicationContext.refresh(AbstractApplicationContext.java:583)
	at org.springframework.boot.SpringApplication.refresh(SpringApplication.java:734)
	at org.springframework.boot.SpringApplication.refreshContext(SpringApplication.java:408)
	at org.springframework.boot.SpringApplication.run(SpringApplication.java:308)
	at org.springframework.boot.SpringApplication.run(SpringApplication.java:1306)
	at org.springframework.boot.SpringApplication.run(SpringApplication.java:1295)
	at org.ruste.models.Application.main(Application.java:9)
Caused by: org.springframework.beans.factory.BeanCreationException: Error creating bean with name 'dataSource' defined in class path resource [org/springframework/boot/autoconfigure/jdbc/DataSourceConfiguration$Hikari.class]: Bean instantiation via factory method failed; nested exception is org.springframework.beans.BeanInstantiationException: Failed to instantiate [com.zaxxer.hikari.HikariDataSource]: Factory method 'dataSource' threw exception; nested exception is java.lang.IllegalStateException: Cannot load driver class: org.h2.Driver
	at org.springframework.beans.factory.support.ConstructorResolver.instantiate(ConstructorResolver.java:658)
	at org.springframework.beans.factory.support.ConstructorResolver.instantiateUsingFactoryMethod(ConstructorResolver.java:638)
	at org.springframework.beans.factory.support.AbstractAutowireCapableBeanFactory.instantiateUsingFactoryMethod(AbstractAutowireCapableBeanFactory.java:1352)
	at org.springframework.beans.factory.support.AbstractAutowireCapableBeanFactory.createBeanInstance(AbstractAutowireCapableBeanFactory.java:1195)
	at org.springframework.beans.factory.support.AbstractAutowireCapableBeanFactory.doCreateBean(AbstractAutowireCapableBeanFactory.java:582)
	at org.springframework.beans.factory.support.AbstractAutowireCapableBeanFactory.createBean(AbstractAutowireCapableBeanFactory.java:542)
	at org.springframework.beans.factory.support.AbstractBeanFactory.lambda$doGetBean$0(AbstractBeanFactory.java:335)
	at org.springframework.beans.factory.support.DefaultSingletonBeanRegistry.getSingleton(DefaultSingletonBeanRegistry.java:234)
	at org.springframework.beans.factory.support.AbstractBeanFactory.doGetBean(AbstractBeanFactory.java:333)
	at org.springframework.beans.factory.support.AbstractBeanFactory.getBean(AbstractBeanFactory.java:208)
	at org.springframework.beans.factory.config.DependencyDescriptor.resolveCandidate(DependencyDescriptor.java:276)
	at org.springframework.beans.factory.support.DefaultListableBeanFactory.doResolveDependency(DefaultListableBeanFactory.java:1391)
	at org.springframework.beans.factory.support.DefaultListableBeanFactory.resolveDependency(DefaultListableBeanFactory.java:1311)
	at org.springframework.beans.factory.support.ConstructorResolver.resolveAutowiredArgument(ConstructorResolver.java:887)
	at org.springframework.beans.factory.support.ConstructorResolver.createArgumentArray(ConstructorResolver.java:791)
	... 20 common frames omitted
Caused by: org.springframework.beans.BeanInstantiationException: Failed to instantiate [com.zaxxer.hikari.HikariDataSource]: Factory method 'dataSource' threw exception; nested exception is java.lang.IllegalStateException: Cannot load driver class: org.h2.Driver
	at org.springframework.beans.factory.support.SimpleInstantiationStrategy.instantiate(SimpleInstantiationStrategy.java:185)
	at org.springframework.beans.factory.support.ConstructorResolver.instantiate(ConstructorResolver.java:653)
	... 34 common frames omitted
Caused by: java.lang.IllegalStateException: Cannot load driver class: org.h2.Driver
	at org.springframework.util.Assert.state(Assert.java:97)
	at org.springframework.boot.autoconfigure.jdbc.DataSourceProperties.determineDriverClassName(DataSourceProperties.java:171)
	at org.springframework.boot.autoconfigure.jdbc.DataSourceProperties.initializeDataSourceBuilder(DataSourceProperties.java:123)
	at org.springframework.boot.autoconfigure.jdbc.DataSourceConfiguration.createDataSource(DataSourceConfiguration.java:48)
	at org.springframework.boot.autoconfigure.jdbc.DataSourceConfiguration$Hikari.dataSource(DataSourceConfiguration.java:90)
	at java.base/jdk.internal.reflect.NativeMethodAccessorImpl.invoke0(Native Method)
	at java.base/jdk.internal.reflect.NativeMethodAccessorImpl.invoke(NativeMethodAccessorImpl.java:77)
	at java.base/jdk.internal.reflect.DelegatingMethodAccessorImpl.invoke(DelegatingMethodAccessorImpl.java:43)
	at java.base/java.lang.reflect.Method.invoke(Method.java:568)
	at org.springframework.beans.factory.support.SimpleInstantiationStrategy.instantiate(SimpleInstantiationStrategy.java:154)
	... 35 common frames omitted
2023-01-28 17:03:54.975 [INFO] [main]
                [org.ruste.models.Application:55] Starting Application using Java 17.0.1 on Пользователь with PID 1920 (C:\Users\Win10Pro\Documents\Application\Application\Models\target\classes started by Win10Pro in C:\Users\Win10Pro\Documents\Application\Application\Models)
2023-01-28 17:03:54.978 [INFO] [main]
                [org.ruste.models.Application:634] No active profile set, falling back to 1 default profile: "default"
2023-01-28 17:03:55.482 [INFO] [main]
                [org.hibernate.jpa.internal.util.LogHelper:31] HHH000204: Processing PersistenceUnitInfo [name: default]
2023-01-28 17:03:55.514 [INFO] [main]
                [org.hibernate.Version:44] HHH000412: Hibernate ORM core version 5.6.9.Final
2023-01-28 17:03:55.624 [INFO] [main]
                [org.hibernate.annotations.common.Version:56] HCANN000001: Hibernate Commons Annotations {5.1.2.Final}
2023-01-28 17:03:55.733 [INFO] [main]
                [com.zaxxer.hikari.HikariDataSource:110] HikariPool-1 - Starting...
2023-01-28 17:03:55.850 [INFO] [main]
                [com.zaxxer.hikari.HikariDataSource:123] HikariPool-1 - Start completed.
2023-01-28 17:03:55.860 [INFO] [main]
                [org.hibernate.dialect.Dialect:175] HHH000400: Using dialect: org.hibernate.dialect.PostgreSQLDialect
2023-01-28 17:03:56.019 [INFO] [main]
                [org.hibernate.engine.transaction.jta.platform.internal.JtaPlatformInitiator:52] HHH000490: Using JtaPlatform implementation: [org.hibernate.engine.transaction.jta.platform.internal.NoJtaPlatform]
2023-01-28 17:03:56.094 [INFO] [main]
                [org.ruste.models.Application:61] Started Application in 1.36 seconds (JVM running for 1.657)
2023-01-28 17:03:56.099 [INFO] [SpringApplicationShutdownHook]
                [com.zaxxer.hikari.HikariDataSource:350] HikariPool-1 - Shutdown initiated...
2023-01-28 17:03:56.190 [INFO] [SpringApplicationShutdownHook]
                [com.zaxxer.hikari.HikariDataSource:352] HikariPool-1 - Shutdown completed.
2023-01-28 17:05:33.687 [INFO] [main]
                [org.ruste.models.Application:55] Starting Application on Пользователь with PID 1248 (C:\Users\Win10Pro\Documents\Application\Application\Models\target\classes started by Win10Pro in C:\Users\Win10Pro\Documents\Application\Application\Models)
2023-01-28 17:05:33.690 [INFO] [main]
                [org.ruste.models.Application:651] No active profile set, falling back to default profiles: default
2023-01-28 17:05:33.773 [ERROR] [main]
                [org.springframework.boot.SpringApplication:837] Application run failed
org.springframework.beans.factory.BeanDefinitionStoreException: Failed to read candidate component class: file [C:\Users\Win10Pro\Documents\Application\Application\Models\target\classes\org\ruste\models\Application.class]; nested exception is org.springframework.core.NestedIOException: ASM ClassReader failed to parse class file - probably due to a new Java class file version that isn't supported yet: file [C:\Users\Win10Pro\Documents\Application\Application\Models\target\classes\org\ruste\models\Application.class]; nested exception is java.lang.IllegalArgumentException: Unsupported class file major version 61
	at org.springframework.context.annotation.ClassPathScanningCandidateComponentProvider.scanCandidateComponents(ClassPathScanningCandidateComponentProvider.java:452)
	at org.springframework.context.annotation.ClassPathScanningCandidateComponentProvider.findCandidateComponents(ClassPathScanningCandidateComponentProvider.java:315)
	at org.springframework.context.annotation.ClassPathBeanDefinitionScanner.doScan(ClassPathBeanDefinitionScanner.java:276)
	at org.springframework.context.annotation.ComponentScanAnnotationParser.parse(ComponentScanAnnotationParser.java:132)
	at org.springframework.context.annotation.ConfigurationClassParser.doProcessConfigurationClass(ConfigurationClassParser.java:295)
	at org.springframework.context.annotation.ConfigurationClassParser.processConfigurationClass(ConfigurationClassParser.java:249)
	at org.springframework.context.annotation.ConfigurationClassParser.parse(ConfigurationClassParser.java:206)
	at org.springframework.context.annotation.ConfigurationClassParser.parse(ConfigurationClassParser.java:174)
	at org.springframework.context.annotation.ConfigurationClassPostProcessor.processConfigBeanDefinitions(ConfigurationClassPostProcessor.java:319)
	at org.springframework.context.annotation.ConfigurationClassPostProcessor.postProcessBeanDefinitionRegistry(ConfigurationClassPostProcessor.java:236)
	at org.springframework.context.support.PostProcessorRegistrationDelegate.invokeBeanDefinitionRegistryPostProcessors(PostProcessorRegistrationDelegate.java:280)
	at org.springframework.context.support.PostProcessorRegistrationDelegate.invokeBeanFactoryPostProcessors(PostProcessorRegistrationDelegate.java:96)
	at org.springframework.context.support.AbstractApplicationContext.invokeBeanFactoryPostProcessors(AbstractApplicationContext.java:707)
	at org.springframework.context.support.AbstractApplicationContext.refresh(AbstractApplicationContext.java:533)
	at org.springframework.boot.SpringApplication.refresh(SpringApplication.java:758)
	at org.springframework.boot.SpringApplication.refresh(SpringApplication.java:750)
	at org.springframework.boot.SpringApplication.refreshContext(SpringApplication.java:397)
	at org.springframework.boot.SpringApplication.run(SpringApplication.java:315)
	at org.springframework.boot.SpringApplication.run(SpringApplication.java:1237)
	at org.springframework.boot.SpringApplication.run(SpringApplication.java:1226)
	at org.ruste.models.Application.main(Application.java:9)
Caused by: org.springframework.core.NestedIOException: ASM ClassReader failed to parse class file - probably due to a new Java class file version that isn't supported yet: file [C:\Users\Win10Pro\Documents\Application\Application\Models\target\classes\org\ruste\models\Application.class]; nested exception is java.lang.IllegalArgumentException: Unsupported class file major version 61
	at org.springframework.core.type.classreading.SimpleMetadataReader.getClassReader(SimpleMetadataReader.java:60)
	at org.springframework.core.type.classreading.SimpleMetadataReader.<init>(SimpleMetadataReader.java:49)
	at org.springframework.core.type.classreading.SimpleMetadataReaderFactory.getMetadataReader(SimpleMetadataReaderFactory.java:103)
	at org.springframework.core.type.classreading.CachingMetadataReaderFactory.getMetadataReader(CachingMetadataReaderFactory.java:123)
	at org.springframework.context.annotation.ClassPathScanningCandidateComponentProvider.scanCandidateComponents(ClassPathScanningCandidateComponentProvider.java:429)
	... 20 common frames omitted
Caused by: java.lang.IllegalArgumentException: Unsupported class file major version 61
	at org.springframework.asm.ClassReader.<init>(ClassReader.java:196)
	at org.springframework.asm.ClassReader.<init>(ClassReader.java:177)
	at org.springframework.asm.ClassReader.<init>(ClassReader.java:163)
	at org.springframework.asm.ClassReader.<init>(ClassReader.java:284)
	at org.springframework.core.type.classreading.SimpleMetadataReader.getClassReader(SimpleMetadataReader.java:57)
	... 24 common frames omitted
2023-01-28 17:06:19.402 [INFO] [main]
                [org.ruste.models.Application:55] Starting Application using Java 17.0.1 on Пользователь with PID 14544 (C:\Users\Win10Pro\Documents\Application\Application\Models\target\classes started by Win10Pro in C:\Users\Win10Pro\Documents\Application\Application\Models)
2023-01-28 17:06:19.404 [INFO] [main]
                [org.ruste.models.Application:634] No active profile set, falling back to 1 default profile: "default"
2023-01-28 17:06:19.906 [INFO] [main]
                [org.hibernate.jpa.internal.util.LogHelper:31] HHH000204: Processing PersistenceUnitInfo [name: default]
2023-01-28 17:06:19.938 [INFO] [main]
                [org.hibernate.Version:44] HHH000412: Hibernate ORM core version 5.6.9.Final
2023-01-28 17:06:20.049 [INFO] [main]
                [org.hibernate.annotations.common.Version:56] HCANN000001: Hibernate Commons Annotations {5.1.2.Final}
2023-01-28 17:06:20.157 [INFO] [main]
                [com.zaxxer.hikari.HikariDataSource:110] HikariPool-1 - Starting...
2023-01-28 17:06:20.270 [INFO] [main]
                [com.zaxxer.hikari.HikariDataSource:123] HikariPool-1 - Start completed.
2023-01-28 17:06:20.280 [INFO] [main]
                [org.hibernate.dialect.Dialect:175] HHH000400: Using dialect: org.hibernate.dialect.PostgreSQLDialect
2023-01-28 17:06:20.426 [INFO] [main]
                [org.hibernate.engine.transaction.jta.platform.internal.JtaPlatformInitiator:52] HHH000490: Using JtaPlatform implementation: [org.hibernate.engine.transaction.jta.platform.internal.NoJtaPlatform]
2023-01-28 17:06:20.508 [INFO] [main]
                [org.ruste.models.Application:61] Started Application in 1.353 seconds (JVM running for 1.68)
2023-01-28 17:06:20.513 [INFO] [SpringApplicationShutdownHook]
                [com.zaxxer.hikari.HikariDataSource:350] HikariPool-1 - Shutdown initiated...
2023-01-28 17:06:20.531 [INFO] [SpringApplicationShutdownHook]
                [com.zaxxer.hikari.HikariDataSource:352] HikariPool-1 - Shutdown completed.
2023-01-28 17:07:28.004 [INFO] [main]
                [org.ruste.models.Application:55] Starting Application using Java 17.0.1 on Пользователь with PID 2072 (C:\Users\Win10Pro\Documents\Application\Application\Models\target\classes started by Win10Pro in C:\Users\Win10Pro\Documents\Application\Application\Models)
2023-01-28 17:07:28.007 [INFO] [main]
                [org.ruste.models.Application:634] No active profile set, falling back to 1 default profile: "default"
2023-01-28 17:07:28.506 [INFO] [main]
                [org.hibernate.jpa.internal.util.LogHelper:31] HHH000204: Processing PersistenceUnitInfo [name: default]
2023-01-28 17:07:28.535 [INFO] [main]
                [org.hibernate.Version:44] HHH000412: Hibernate ORM core version 5.6.9.Final
2023-01-28 17:07:28.648 [INFO] [main]
                [org.hibernate.annotations.common.Version:56] HCANN000001: Hibernate Commons Annotations {5.1.2.Final}
2023-01-28 17:07:28.756 [INFO] [main]
                [com.zaxxer.hikari.HikariDataSource:110] HikariPool-1 - Starting...
2023-01-28 17:07:28.874 [INFO] [main]
                [com.zaxxer.hikari.HikariDataSource:123] HikariPool-1 - Start completed.
2023-01-28 17:07:28.884 [INFO] [main]
                [org.hibernate.dialect.Dialect:175] HHH000400: Using dialect: org.hibernate.dialect.PostgreSQLDialect
2023-01-28 17:07:29.006 [INFO] [main]
                [org.hibernate.engine.transaction.jta.platform.internal.JtaPlatformInitiator:52] HHH000490: Using JtaPlatform implementation: [org.hibernate.engine.transaction.jta.platform.internal.NoJtaPlatform]
2023-01-28 17:07:29.079 [INFO] [main]
                [org.ruste.models.Application:61] Started Application in 1.322 seconds (JVM running for 1.615)
2023-01-28 17:07:29.084 [INFO] [SpringApplicationShutdownHook]
                [com.zaxxer.hikari.HikariDataSource:350] HikariPool-1 - Shutdown initiated...
2023-01-28 17:07:29.086 [INFO] [SpringApplicationShutdownHook]
                [com.zaxxer.hikari.HikariDataSource:352] HikariPool-1 - Shutdown completed.
2023-01-28 17:07:55.739 [INFO] [main]
                [org.ruste.models.Application:55] Starting Application using Java 17.0.1 on Пользователь with PID 18048 (C:\Users\Win10Pro\Documents\Application\Application\Models\target\classes started by Win10Pro in C:\Users\Win10Pro\Documents\Application\Application\Models)
2023-01-28 17:07:55.741 [INFO] [main]
                [org.ruste.models.Application:634] No active profile set, falling back to 1 default profile: "default"
2023-01-28 17:07:56.647 [INFO] [main]
                [org.apache.coyote.http11.Http11NioProtocol:173] Initializing ProtocolHandler ["http-nio-8080"]
2023-01-28 17:07:56.648 [INFO] [main]
                [org.apache.catalina.core.StandardService:173] Starting service [Tomcat]
2023-01-28 17:07:56.648 [INFO] [main]
                [org.apache.catalina.core.StandardEngine:173] Starting Servlet engine: [Apache Tomcat/9.0.64]
2023-01-28 17:07:56.727 [INFO] [main]
                [org.apache.catalina.core.ContainerBase.[Tomcat].[localhost].[/]:173] Initializing Spring embedded WebApplicationContext
2023-01-28 17:07:56.864 [INFO] [main]
                [org.hibernate.jpa.internal.util.LogHelper:31] HHH000204: Processing PersistenceUnitInfo [name: default]
2023-01-28 17:07:56.895 [INFO] [main]
                [org.hibernate.Version:44] HHH000412: Hibernate ORM core version 5.6.9.Final
2023-01-28 17:07:56.996 [INFO] [main]
                [org.hibernate.annotations.common.Version:56] HCANN000001: Hibernate Commons Annotations {5.1.2.Final}
2023-01-28 17:07:57.071 [INFO] [main]
                [com.zaxxer.hikari.HikariDataSource:110] HikariPool-1 - Starting...
2023-01-28 17:07:57.180 [INFO] [main]
                [com.zaxxer.hikari.HikariDataSource:123] HikariPool-1 - Start completed.
2023-01-28 17:07:57.193 [INFO] [main]
                [org.hibernate.dialect.Dialect:175] HHH000400: Using dialect: org.hibernate.dialect.PostgreSQLDialect
2023-01-28 17:07:57.331 [INFO] [main]
                [org.hibernate.engine.transaction.jta.platform.internal.JtaPlatformInitiator:52] HHH000490: Using JtaPlatform implementation: [org.hibernate.engine.transaction.jta.platform.internal.NoJtaPlatform]
2023-01-28 17:07:57.620 [INFO] [main]
                [org.apache.coyote.http11.Http11NioProtocol:173] Starting ProtocolHandler ["http-nio-8080"]
2023-01-28 17:07:57.643 [INFO] [main]
                [org.ruste.models.Application:61] Started Application in 2.166 seconds (JVM running for 2.542)
2023-01-28 17:08:17.762 [INFO] [SpringApplicationShutdownHook]
                [com.zaxxer.hikari.HikariDataSource:350] HikariPool-1 - Shutdown initiated...
2023-01-28 17:08:17.764 [INFO] [SpringApplicationShutdownHook]
                [com.zaxxer.hikari.HikariDataSource:352] HikariPool-1 - Shutdown completed.
