2023-01-28 16:38:02.076 [INFO] [main]
                [org.ruste.models.Application:55] Starting Application using Java 17.0.1 on Пользователь with PID 19132 (C:\Users\Win10Pro\Documents\Application\Application\Models\target\classes started by Win10Pro in C:\Users\Win10Pro\Documents\Application\Application\Models)
2023-01-28 16:38:02.079 [INFO] [main]
                [org.ruste.models.Application:634] No active profile set, falling back to 1 default profile: "default"
2023-01-28 16:38:02.566 [INFO] [main]
                [com.zaxxer.hikari.HikariDataSource:110] HikariPool-1 - Starting...
2023-01-28 16:38:02.722 [INFO] [main]
                [com.zaxxer.hikari.HikariDataSource:123] HikariPool-1 - Start completed.
2023-01-28 16:38:02.766 [INFO] [main]
                [org.hibernate.jpa.internal.util.LogHelper:31] HHH000204: Processing PersistenceUnitInfo [name: default]
2023-01-28 16:38:02.808 [INFO] [main]
                [org.hibernate.Version:44] HHH000412: Hibernate ORM core version 5.6.9.Final
2023-01-28 16:38:02.929 [INFO] [main]
                [org.hibernate.annotations.common.Version:56] HCANN000001: Hibernate Commons Annotations {5.1.2.Final}
2023-01-28 16:38:03.021 [INFO] [main]
                [org.hibernate.dialect.Dialect:175] HHH000400: Using dialect: org.hibernate.dialect.PostgreSQL10Dialect
2023-01-28 16:38:03.389 [INFO] [main]
                [org.hibernate.engine.transaction.jta.platform.internal.JtaPlatformInitiator:52] HHH000490: Using JtaPlatform implementation: [org.hibernate.engine.transaction.jta.platform.internal.NoJtaPlatform]
2023-01-28 16:38:03.454 [INFO] [main]
                [org.ruste.models.Application:61] Started Application in 1.62 seconds (JVM running for 1.926)
2023-01-28 16:38:03.460 [INFO] [SpringApplicationShutdownHook]
                [com.zaxxer.hikari.HikariDataSource:350] HikariPool-1 - Shutdown initiated...
2023-01-28 16:38:03.463 [INFO] [SpringApplicationShutdownHook]
                [com.zaxxer.hikari.HikariDataSource:352] HikariPool-1 - Shutdown completed.
