2023-01-28 16:36:35.211 [INFO] [main]
                [org.ruste.models.Application:55] Starting Application using Java 17.0.1 on Пользователь with PID 8480 (C:\Users\Win10Pro\Documents\Application\Application\Models\target\classes started by Win10Pro in C:\Users\Win10Pro\Documents\Application\Application\Models)
2023-01-28 16:36:35.213 [INFO] [main]
                [org.ruste.models.Application:634] No active profile set, falling back to 1 default profile: "default"
2023-01-28 16:36:35.718 [INFO] [main]
                [com.zaxxer.hikari.HikariDataSource:110] HikariPool-1 - Starting...
2023-01-28 16:36:35.870 [INFO] [main]
                [com.zaxxer.hikari.HikariDataSource:123] HikariPool-1 - Start completed.
2023-01-28 16:36:35.919 [INFO] [main]
                [org.hibernate.jpa.internal.util.LogHelper:31] HHH000204: Processing PersistenceUnitInfo [name: default]
2023-01-28 16:36:35.993 [INFO] [main]
                [org.hibernate.Version:44] HHH000412: Hibernate ORM core version 5.6.9.Final
2023-01-28 16:36:36.127 [INFO] [main]
                [org.hibernate.annotations.common.Version:56] HCANN000001: Hibernate Commons Annotations {5.1.2.Final}
2023-01-28 16:36:36.219 [INFO] [main]
                [org.hibernate.dialect.Dialect:175] HHH000400: Using dialect: org.hibernate.dialect.PostgreSQL10Dialect
2023-01-28 16:36:36.545 [INFO] [main]
                [org.hibernate.engine.transaction.jta.platform.internal.JtaPlatformInitiator:52] HHH000490: Using JtaPlatform implementation: [org.hibernate.engine.transaction.jta.platform.internal.NoJtaPlatform]
2023-01-28 16:36:36.610 [INFO] [main]
                [org.ruste.models.Application:61] Started Application in 1.645 seconds (JVM running for 2.035)
2023-01-28 16:36:36.615 [INFO] [SpringApplicationShutdownHook]
                [com.zaxxer.hikari.HikariDataSource:350] HikariPool-1 - Shutdown initiated...
2023-01-28 16:36:36.619 [INFO] [SpringApplicationShutdownHook]
                [com.zaxxer.hikari.HikariDataSource:352] HikariPool-1 - Shutdown completed.
